#
# There is insufficient memory for the Java Runtime Environment to continue.
# Native memory allocation (malloc) failed to allocate 32744 bytes for ChunkPool::allocate
# Possible reasons:
#   The system is out of physical RAM or swap space
#   In 32 bit mode, the process size limit was hit
# Possible solutions:
#   Reduce memory load on the system
#   Increase physical memory or swap space
#   Check if swap backing store is full
#   Use 64 bit Java on a 64 bit OS
#   Decrease Java heap size (-Xmx/-Xms)
#   Decrease number of Java threads
#   Decrease Java thread stack sizes (-Xss)
#   Set larger code cache with -XX:ReservedCodeCacheSize=
# This output file may be truncated or incomplete.
#
#  Out of Memory Error (allocation.cpp:273), pid=10872, tid=11192
#
# JRE version: Java(TM) SE Runtime Environment (8.0_40-b26) (build 1.8.0_40-b26)
# Java VM: Java HotSpot(TM) 64-Bit Server VM (25.40-b25 mixed mode windows-amd64 compressed oops)
# Failed to write core dump. Minidumps are not enabled by default on client versions of Windows
#

---------------  T H R E A D  ---------------

Current thread (0x00000000174cf800):  JavaThread "C2 CompilerThread2" daemon [_thread_in_native, id=11192, stack(0x0000000017c80000,0x0000000017d80000)]

Stack: [0x0000000017c80000,0x0000000017d80000]
Native frames: (J=compiled Java code, j=interpreted, Vv=VM code, C=native code)
V  [jvm.dll+0x32b47a]
V  [jvm.dll+0x2797f3]
V  [jvm.dll+0x27a489]
V  [jvm.dll+0x2717a5]
V  [jvm.dll+0xcb7c4]
V  [jvm.dll+0xcb9e7]
V  [jvm.dll+0xcbe6c]
V  [jvm.dll+0xa96ea]
V  [jvm.dll+0xa9cf0]
V  [jvm.dll+0xab3ec]
V  [jvm.dll+0x39d7c]
V  [jvm.dll+0x39dbe]
V  [jvm.dll+0x4865fe]
V  [jvm.dll+0x4759e5]
V  [jvm.dll+0x4fd245]
V  [jvm.dll+0x4f5e77]
V  [jvm.dll+0x4f61f9]
V  [jvm.dll+0x4f678f]
V  [jvm.dll+0x450fc0]
V  [jvm.dll+0x475ce1]
V  [jvm.dll+0x4fd245]
V  [jvm.dll+0x4f5e77]
V  [jvm.dll+0x4f61f9]
V  [jvm.dll+0x4f678f]
V  [jvm.dll+0x450fc0]
V  [jvm.dll+0x475ce1]
V  [jvm.dll+0x4fd245]
V  [jvm.dll+0x4f5e77]
V  [jvm.dll+0x4f61f9]
V  [jvm.dll+0x4f678f]
V  [jvm.dll+0x450fc0]
V  [jvm.dll+0x475ce1]
V  [jvm.dll+0x4fd245]
V  [jvm.dll+0x4f5e77]
V  [jvm.dll+0x4f61f9]
V  [jvm.dll+0x4f678f]
V  [jvm.dll+0x450fc0]
V  [jvm.dll+0x46cac5]
V  [jvm.dll+0x4500d2]
V  [jvm.dll+0xa4312]
V  [jvm.dll+0xa4c4f]
V  [jvm.dll+0x241914]
V  [jvm.dll+0x29848a]
C  [msvcr100.dll+0x21d9f]
C  [msvcr100.dll+0x21e3b]
C  [KERNEL32.DLL+0x13d2]
C  [ntdll.dll+0x15444]


Current CompileTask:
C2:   2388 1287       4       com.android.dx.ssa.LocalVariableExtractor::processBlock (383 bytes)


---------------  P R O C E S S  ---------------

Java Threads: ( => current thread )
  0x0000000017532000 JavaThread "Service Thread" daemon [_thread_blocked, id=11536, stack(0x0000000017e80000,0x0000000017f80000)]
  0x00000000174f2000 JavaThread "C1 CompilerThread3" daemon [_thread_in_native, id=5264, stack(0x0000000017d80000,0x0000000017e80000)]
=>0x00000000174cf800 JavaThread "C2 CompilerThread2" daemon [_thread_in_native, id=11192, stack(0x0000000017c80000,0x0000000017d80000)]
  0x00000000174ae800 JavaThread "C2 CompilerThread1" daemon [_thread_in_native, id=2556, stack(0x0000000017b80000,0x0000000017c80000)]
  0x00000000174a7800 JavaThread "C2 CompilerThread0" daemon [_thread_in_native, id=220, stack(0x0000000017a80000,0x0000000017b80000)]
  0x00000000174a5800 JavaThread "Attach Listener" daemon [_thread_blocked, id=10288, stack(0x0000000017980000,0x0000000017a80000)]
  0x00000000174a5000 JavaThread "Signal Dispatcher" daemon [_thread_blocked, id=10344, stack(0x0000000017880000,0x0000000017980000)]
  0x0000000002979800 JavaThread "Finalizer" daemon [_thread_blocked, id=5704, stack(0x0000000017380000,0x0000000017480000)]
  0x000000001549d800 JavaThread "Reference Handler" daemon [_thread_blocked, id=11152, stack(0x0000000017280000,0x0000000017380000)]
  0x000000000287d800 JavaThread "main" [_thread_in_Java, id=9808, stack(0x0000000002680000,0x0000000002780000)]

Other Threads:
  0x0000000015499000 VMThread [stack: 0x0000000017180000,0x0000000017280000] [id=11356]
  0x0000000017532800 WatcherThread [stack: 0x0000000017f80000,0x0000000018080000] [id=11484]

VM state:not at safepoint (normal execution)

VM Mutex/Monitor currently owned by a thread: None

Heap:
 PSYoungGen      total 38400K, used 5753K [0x00000000eab00000, 0x00000000ed580000, 0x0000000100000000)
  eden space 33280K, 1% used [0x00000000eab00000,0x00000000eaba4ae0,0x00000000ecb80000)
  from space 5120K, 99% used [0x00000000ecb80000,0x00000000ed079c88,0x00000000ed080000)
  to   space 5120K, 0% used [0x00000000ed080000,0x00000000ed080000,0x00000000ed580000)
 ParOldGen       total 87552K, used 2983K [0x00000000c0000000, 0x00000000c5580000, 0x00000000eab00000)
  object space 87552K, 3% used [0x00000000c0000000,0x00000000c02e9dc8,0x00000000c5580000)
 Metaspace       used 5657K, capacity 6896K, committed 7040K, reserved 1056768K
  class space    used 548K, capacity 616K, committed 640K, reserved 1048576K

Card table byte_map: [0x0000000011d40000,0x0000000011f50000] byte_map_base: 0x0000000011740000

Marking Bits: (ParMarkBitMap*) 0x0000000074b04040
 Begin Bits: [0x00000000128b0000, 0x00000000138b0000)
 End Bits:   [0x00000000138b0000, 0x00000000148b0000)

Polling page: 0x0000000000e20000

CodeCache: size=245760Kb used=5220Kb max_used=5232Kb free=240539Kb
 bounds [0x0000000002980000, 0x0000000002eb0000, 0x0000000011980000]
 total_blobs=1549 nmethods=1286 adapters=176
 compilation: enabled

Compilation events (10 events):
Event: 2.226 Thread 0x00000000174a7800 1285       4       com.android.dx.rop.code.BasicBlockList::set (12 bytes)
Event: 2.227 Thread 0x00000000174f2000 nmethod 1284 0x0000000002e9d950 code [0x0000000002e9dba0, 0x0000000002e9e938]
Event: 2.229 Thread 0x00000000174cf800 1286   !   4       java.util.BitSet::clone (49 bytes)
Event: 2.231 Thread 0x00000000174cf800 nmethod 1286 0x0000000002e9b950 code [0x0000000002e9bac0, 0x0000000002e9bce8]
Event: 2.231 Thread 0x00000000174cf800 1287       4       com.android.dx.ssa.LocalVariableExtractor::processBlock (383 bytes)
Event: 2.235 Thread 0x00000000174a7800 nmethod 1285 0x0000000002e9fb10 code [0x0000000002e9fc80, 0x0000000002ea0308]
Event: 2.235 Thread 0x00000000174a7800 1289       4       com.android.dx.ssa.SsaRenamer$BlockRenamer::processResultReg (56 bytes)
Event: 2.238 Thread 0x00000000174f2000 1292       1       java.lang.Integer::intValue (5 bytes)
Event: 2.238 Thread 0x00000000174f2000 nmethod 1292 0x0000000002e91d50 code [0x0000000002e91ea0, 0x0000000002e91fb0]
Event: 2.238 Thread 0x00000000174f2000 1294       3       com.android.dx.ssa.ConstCollector::getConstsSortedByCountUse (386 bytes)

GC Heap History (0 events):
No events

Deoptimization events (5 events):
Event: 0.648 Thread 0x000000000287d800 Uncommon trap: reason=unstable_if action=reinterpret pc=0x0000000002b9a1ec method=java.util.HashMap.getNode(ILjava/lang/Object;)Ljava/util/HashMap$Node; @ 129
Event: 0.742 Thread 0x000000000287d800 Uncommon trap: reason=unstable_if action=reinterpret pc=0x0000000002bff36c method=java.util.HashMap.getNode(ILjava/lang/Object;)Ljava/util/HashMap$Node; @ 62
Event: 0.770 Thread 0x000000000287d800 Uncommon trap: reason=unstable_if action=reinterpret pc=0x0000000002ca7d6c method=com.android.dx.rop.code.RegisterSpecSet.put(Lcom/android/dx/rop/code/RegisterSpec;)V @ 77
Event: 1.728 Thread 0x000000000287d800 Uncommon trap: reason=bimorphic action=maybe_recompile pc=0x0000000002caad88 method=java.util.HashMap.getNode(ILjava/lang/Object;)Ljava/util/HashMap$Node; @ 126
Event: 1.795 Thread 0x000000000287d800 Uncommon trap: reason=unstable_if action=reinterpret pc=0x0000000002c7c0fc method=com.android.dx.rop.code.RegisterSpec.equals(ILcom/android/dx/rop/type/TypeBearer;Lcom/android/dx/rop/code/LocalItem;)Z @ 42

Internal exceptions (2 events):
Event: 0.048 Thread 0x000000000287d800 Exception <a 'java/lang/NoSuchMethodError': Method sun.misc.Unsafe.defineClass(Ljava/lang/String;[BII)Ljava/lang/Class; name or signature does not match> (0x00000000eab0dab8) thrown at [D:\re\workspace\8-2-build-windows-amd64-cygwin\jdk8u40\3098\hotspot\sræÚ¥Ò€®?
Event: 0.049 Thread 0x000000000287d800 Exception <a 'java/lang/NoSuchMethodError': Method sun.misc.Unsafe.prefetchRead(Ljava/lang/Object;J)V name or signature does not match> (0x00000000eab0dd48) thrown at [D:\re\workspace\8-2-build-windows-amd64-cygwin\jdk8u40\3098\hotspot\src\share\vm\prims\j

Events (10 events):
Event: 1.728 Thread 0x000000000287d800 Uncommon trap: trap_request=0xffffffc6 fr.pc=0x0000000002caad88
Event: 1.728 Thread 0x000000000287d800 DEOPT PACKING pc=0x0000000002caad88 sp=0x000000000277e8b0
Event: 1.728 Thread 0x000000000287d800 DEOPT UNPACKING pc=0x00000000029c582a sp=0x000000000277e830 mode 2
Event: 1.789 Thread 0x000000000287d800 DEOPT PACKING pc=0x0000000002c2436d sp=0x000000000277e8b0
Event: 1.789 Thread 0x000000000287d800 DEOPT UNPACKING pc=0x00000000029c787f sp=0x000000000277e690 mode 0
Event: 1.791 loading class com/android/dx/cf/attrib/AttDeprecated
Event: 1.791 loading class com/android/dx/cf/attrib/AttDeprecated done
Event: 1.795 Thread 0x000000000287d800 Uncommon trap: trap_request=0xffffff65 fr.pc=0x0000000002c7c0fc
Event: 1.795 Thread 0x000000000287d800 DEOPT PACKING pc=0x0000000002c7c0fc sp=0x000000000277e870
Event: 1.795 Thread 0x000000000287d800 DEOPT UNPACKING pc=0x00000000029c582a sp=0x000000000277e7f8 mode 2


Dynamic libraries:
0x00007ff757200000 - 0x00007ff757237000 	C:\Program Files\Java\jdk1.8.0_40\bin\java.exe
0x00007ffbf3110000 - 0x00007ffbf32bc000 	C:\Windows\SYSTEM32\ntdll.dll
0x00007ffbf2fd0000 - 0x00007ffbf310e000 	C:\Windows\system32\KERNEL32.DLL
0x00007ffbf0330000 - 0x00007ffbf0445000 	C:\Windows\system32\KERNELBASE.dll
0x00007ffbeee00000 - 0x00007ffbeee8e000 	C:\Windows\system32\apphelp.dll
0x00007ffbcbdc0000 - 0x00007ffbcbe13000 	C:\Windows\AppPatch\AppPatch64\AcGenral.DLL
0x00007ffbf0ab0000 - 0x00007ffbf0b5a000 	C:\Windows\system32\msvcrt.dll
0x00007ffbf0090000 - 0x00007ffbf00be000 	C:\Windows\SYSTEM32\SspiCli.dll
0x00007ffbf2b20000 - 0x00007ffbf2b74000 	C:\Windows\system32\SHLWAPI.dll
0x00007ffbf26a0000 - 0x00007ffbf2817000 	C:\Windows\system32\USER32.dll
0x00007ffbf2820000 - 0x00007ffbf29b4000 	C:\Windows\system32\ole32.dll
0x00007ffbf0dc0000 - 0x00007ffbf22d8000 	C:\Windows\system32\SHELL32.dll
0x00007ffbef860000 - 0x00007ffbef881000 	C:\Windows\SYSTEM32\USERENV.dll
0x00007ffbf0a00000 - 0x00007ffbf0aaa000 	C:\Windows\system32\ADVAPI32.dll
0x00007ffbe6a10000 - 0x00007ffbe6a2e000 	C:\Windows\SYSTEM32\MPR.dll
0x00007ffbf0850000 - 0x00007ffbf0991000 	C:\Windows\system32\RPCRT4.dll
0x00007ffbf22e0000 - 0x00007ffbf2339000 	C:\Windows\SYSTEM32\sechost.dll
0x00007ffbf2b80000 - 0x00007ffbf2d91000 	C:\Windows\SYSTEM32\combase.dll
0x00007ffbf29c0000 - 0x00007ffbf2b11000 	C:\Windows\system32\GDI32.dll
0x00007ffbf0260000 - 0x00007ffbf0275000 	C:\Windows\SYSTEM32\profapi.dll
0x00007ffbee7d0000 - 0x00007ffbee882000 	C:\Windows\SYSTEM32\SHCORE.dll
0x00007ffbf2f90000 - 0x00007ffbf2fc6000 	C:\Windows\system32\IMM32.DLL
0x00007ffbf2530000 - 0x00007ffbf2682000 	C:\Windows\system32\MSCTF.dll
0x00007ffbecd60000 - 0x00007ffbecfdb000 	C:\Windows\WinSxS\amd64_microsoft.windows.common-controls_6595b64144ccf1df_6.0.9600.17784_none_624760d1ecb7236e\COMCTL32.dll
0x0000000073cc0000 - 0x0000000073d92000 	C:\Program Files\Java\jdk1.8.0_40\jre\bin\msvcr100.dll
0x0000000074300000 - 0x0000000074b83000 	C:\Program Files\Java\jdk1.8.0_40\jre\bin\server\jvm.dll
0x00007ffbe6a40000 - 0x00007ffbe6a49000 	C:\Windows\SYSTEM32\WSOCK32.dll
0x00007ffbecfe0000 - 0x00007ffbed002000 	C:\Windows\SYSTEM32\WINMM.dll
0x00007ffbed010000 - 0x00007ffbed01a000 	C:\Windows\SYSTEM32\VERSION.dll
0x00007ffbf0db0000 - 0x00007ffbf0db7000 	C:\Windows\system32\PSAPI.DLL
0x00007ffbf09a0000 - 0x00007ffbf09fa000 	C:\Windows\system32\WS2_32.dll
0x00007ffbeab10000 - 0x00007ffbeab3a000 	C:\Windows\SYSTEM32\WINMMBASE.dll
0x00007ffbf0b60000 - 0x00007ffbf0b69000 	C:\Windows\system32\NSI.dll
0x00007ffbf0450000 - 0x00007ffbf049f000 	C:\Windows\SYSTEM32\cfgmgr32.dll
0x00007ffbef070000 - 0x00007ffbef098000 	C:\Windows\SYSTEM32\DEVOBJ.dll
0x00000000742f0000 - 0x00000000742ff000 	C:\Program Files\Java\jdk1.8.0_40\jre\bin\verify.dll
0x00000000742c0000 - 0x00000000742e9000 	C:\Program Files\Java\jdk1.8.0_40\jre\bin\java.dll
0x00000000742a0000 - 0x00000000742b6000 	C:\Program Files\Java\jdk1.8.0_40\jre\bin\zip.dll
0x00007ffbe6170000 - 0x00007ffbe62f9000 	C:\Windows\SYSTEM32\dbghelp.dll

VM Arguments:
jvm_args: -Xmx1024M -Dfile.encoding=windows-1252 -Duser.country=US -Duser.language=en -Duser.variant 
java_command: com.android.dx.command.Main --dex --output D:\Development\Android\NanodegreeProjects\SpotifyStreamer\app\build\intermediates\pre-dexed\debug\okhttp-2.2.0-d950b38b533b7bbbe24a5a3e104241dcfe15d691.jar C:\Users\Osama\.gradle\caches\modules-2\files-2.1\com.squareup.okhttp\okhttp\2.2.0\959c454243581fdf730abfd4f4745441724bcf2c\okhttp-2.2.0.jar
java_class_path (initial): C:\Users\Osama\AppData\Local\Android\Sdk\build-tools\22.0.1\lib\dx.jar
Launcher Type: SUN_STANDARD

Environment Variables:
JAVA_HOME=C:\Program Files\Java\jdk1.8.0_40
PATH=D:\Python34\;D:\Python34\Scripts;C:\ProgramData\Oracle\Java\javapath;C:\Program Files (x86)\NVIDIA Corporation\PhysX\Common;C:\Program Files (x86)\Intel\iCLS Client\;C:\Program Files\Intel\iCLS Client\;C:\Windows\system32;C:\Windows;C:\Windows\System32\Wbem;C:\Windows\System32\WindowsPowerShell\v1.0\;C:\Program Files (x86)\Windows Live\Shared;C:\Program Files\Intel\WiFi\bin\;C:\Program Files\Common Files\Intel\WirelessCommon\;C:\Program Files\Intel\Intel(R) Management Engine Components\DAL;C:\Program Files\Intel\Intel(R) Management Engine Components\IPT;C:\Program Files (x86)\Intel\Intel(R) Management Engine Components\DAL;C:\Program Files (x86)\Intel\Intel(R) Management Engine Components\IPT;C:\Program Files (x86)\Windows Kits\8.1\Windows Performance Toolkit\;C:\Program Files\Microsoft SQL Server\110\Tools\Binn\;C:\Program Files (x86)\Microsoft SDKs\TypeScript\1.0\;C:\Program Files\Microsoft SQL Server\120\Tools\Binn\;d:\Program Files (x86)\Git\cmd;C:\Program Files\Microsoft SQL Server\Client SDK\ODBC\110\Tools\Binn\;C:\Program Files (x86)\Microsoft SQL Server\120\Tools\Binn\;C:\Program Files\Microsoft SQL Server\120\DTS\Binn\;C:\Program Files (x86)\Microsoft SQL Server\120\Tools\Binn\ManagementStudio\;C:\Program Files (x86)\Microsoft SQL Server\120\DTS\Binn\;D:\Program Files\nodejs\;C:\Program Files (x86)\GtkSharp\2.12\bin;D:\Go\bin;C:\Windows\system32\config\systemprofile\.dnx\bin;D:\Program Files\Microsoft DNX\Dnvm\;C:\Users\Osama\AppData\Roaming\npm;C:\Users\Osama\AppData\Local\Code\bin
USERNAME=Osama
OS=Windows_NT
PROCESSOR_IDENTIFIER=Intel64 Family 6 Model 60 Stepping 3, GenuineIntel



---------------  S Y S T E M  ---------------

OS: Windows 8.1 , 64 bit Build 9600 (6.3.9600.17415)

CPU:total 8 (4 cores per cpu, 2 threads per core) family 6 model 60 stepping 3, cmov, cx8, fxsr, mmx, sse, sse2, sse3, ssse3, sse4.1, sse4.2, popcnt, avx, avx2, aes, clmul, erms, lzcnt, ht, tsc, tscinvbit, bmi1, bmi2

Memory: 4k page, physical 8303996k(1784388k free), swap 11449724k(689740k free)

vm_info: Java HotSpot(TM) 64-Bit Server VM (25.40-b25) for windows-amd64 JRE (1.8.0_40-b26), built on Mar  7 2015 13:51:59 by "java_re" with MS VC++ 10.0 (VS2010)

time: Fri Jun 12 20:00:00 2015
elapsed time: 2 seconds (0d 0h 0m 2s)

