#
# There is insufficient memory for the Java Runtime Environment to continue.
# Native memory allocation (malloc) failed to allocate 1048576 bytes for AllocateHeap
# Possible reasons:
#   The system is out of physical RAM or swap space
#   In 32 bit mode, the process size limit was hit
# Possible solutions:
#   Reduce memory load on the system
#   Increase physical memory or swap space
#   Check if swap backing store is full
#   Use 64 bit Java on a 64 bit OS
#   Decrease Java heap size (-Xmx/-Xms)
#   Decrease number of Java threads
#   Decrease Java thread stack sizes (-Xss)
#   Set larger code cache with -XX:ReservedCodeCacheSize=
# This output file may be truncated or incomplete.
#
#  Out of Memory Error (memory/allocation.inline.hpp:61), pid=7888, tid=8208
#
# JRE version:  (8.0_40-b26) (build )
# Java VM: Java HotSpot(TM) 64-Bit Server VM (25.40-b25 mixed mode windows-amd64 compressed oops)
# Failed to write core dump. Minidumps are not enabled by default on client versions of Windows
#

---------------  T H R E A D  ---------------

Current thread (0x000000000249d800):  JavaThread "Unknown thread" [_thread_in_vm, id=8208, stack(0x0000000002390000,0x0000000002490000)]

Stack: [0x0000000002390000,0x0000000002490000]
Native frames: (J=compiled Java code, j=interpreted, Vv=VM code, C=native code)
V  [jvm.dll+0x32b47a]


---------------  P R O C E S S  ---------------

Java Threads: ( => current thread )

Other Threads:

=>0x000000000249d800 (exited) JavaThread "Unknown thread" [_thread_in_vm, id=8208, stack(0x0000000002390000,0x0000000002490000)]

VM state:not at safepoint (normal execution)

VM Mutex/Monitor currently owned by a thread: None

Heap:
 PSYoungGen      total 38400K, used 665K [0x00000000eab00000, 0x00000000ed580000, 0x0000000100000000)
  eden space 33280K, 2% used [0x00000000eab00000,0x00000000eaba6670,0x00000000ecb80000)
  from space 5120K, 0% used [0x00000000ed080000,0x00000000ed080000,0x00000000ed580000)
  to   space 5120K, 0% used [0x00000000ecb80000,0x00000000ecb80000,0x00000000ed080000)
 ParOldGen       total 87552K, used 0K [0x00000000c0000000, 0x00000000c5580000, 0x00000000eab00000)
  object space 87552K, 0% used [0x00000000c0000000,0x00000000c0000000,0x00000000c5580000)
 Metaspace       used 766K, capacity 4480K, committed 4480K, reserved 1056768K
  class space    used 75K, capacity 384K, committed 384K, reserved 1048576K

Card table byte_map: [0x00000000119b0000,0x0000000011bc0000] byte_map_base: 0x00000000113b0000

Marking Bits: (ParMarkBitMap*) 0x0000000074b04040
 Begin Bits: [0x0000000012520000, 0x0000000013520000)
 End Bits:   [0x0000000013520000, 0x0000000014520000)

Polling page: 0x0000000000ad0000

CodeCache: size=245760Kb used=328Kb max_used=328Kb free=245431Kb
 bounds [0x00000000025f0000, 0x0000000002860000, 0x00000000115f0000]
 total_blobs=57 nmethods=0 adapters=37
 compilation: enabled

Compilation events (0 events):
No events

GC Heap History (0 events):
No events

Deoptimization events (0 events):
No events

Internal exceptions (0 events):
No events

Events (10 events):
Event: 0.031 loading class java/lang/Short
Event: 0.031 loading class java/lang/Short done
Event: 0.031 loading class java/lang/Integer
Event: 0.031 loading class java/lang/Integer done
Event: 0.031 loading class java/lang/Long
Event: 0.031 loading class java/lang/Long done
Event: 0.032 loading class java/lang/NullPointerException
Event: 0.032 loading class java/lang/NullPointerException done
Event: 0.032 loading class java/lang/ArithmeticException
Event: 0.032 loading class java/lang/ArithmeticException done


Dynamic libraries:
0x00007ff757200000 - 0x00007ff757237000 	C:\Program Files\Java\jdk1.8.0_40\bin\java.exe
0x00007ffbf3110000 - 0x00007ffbf32bc000 	C:\Windows\SYSTEM32\ntdll.dll
0x00007ffbf2fd0000 - 0x00007ffbf310e000 	C:\Windows\system32\KERNEL32.DLL
0x00007ffbf0330000 - 0x00007ffbf0445000 	C:\Windows\system32\KERNELBASE.dll
0x00007ffbeee00000 - 0x00007ffbeee8e000 	C:\Windows\system32\apphelp.dll
0x00007ffbcbdc0000 - 0x00007ffbcbe13000 	C:\Windows\AppPatch\AppPatch64\AcGenral.DLL
0x00007ffbf0ab0000 - 0x00007ffbf0b5a000 	C:\Windows\system32\msvcrt.dll
0x00007ffbf0090000 - 0x00007ffbf00be000 	C:\Windows\SYSTEM32\SspiCli.dll
0x00007ffbf2b20000 - 0x00007ffbf2b74000 	C:\Windows\system32\SHLWAPI.dll
0x00007ffbf26a0000 - 0x00007ffbf2817000 	C:\Windows\system32\USER32.dll
0x00007ffbf2820000 - 0x00007ffbf29b4000 	C:\Windows\system32\ole32.dll
0x00007ffbf0dc0000 - 0x00007ffbf22d8000 	C:\Windows\system32\SHELL32.dll
0x00007ffbef860000 - 0x00007ffbef881000 	C:\Windows\SYSTEM32\USERENV.dll
0x00007ffbf0a00000 - 0x00007ffbf0aaa000 	C:\Windows\system32\ADVAPI32.dll
0x00007ffbe6a10000 - 0x00007ffbe6a2e000 	C:\Windows\SYSTEM32\MPR.dll
0x00007ffbf0850000 - 0x00007ffbf0991000 	C:\Windows\system32\RPCRT4.dll
0x00007ffbf22e0000 - 0x00007ffbf2339000 	C:\Windows\SYSTEM32\sechost.dll
0x00007ffbf2b80000 - 0x00007ffbf2d91000 	C:\Windows\SYSTEM32\combase.dll
0x00007ffbf29c0000 - 0x00007ffbf2b11000 	C:\Windows\system32\GDI32.dll
0x00007ffbf0260000 - 0x00007ffbf0275000 	C:\Windows\SYSTEM32\profapi.dll
0x00007ffbee7d0000 - 0x00007ffbee882000 	C:\Windows\SYSTEM32\SHCORE.dll
0x00007ffbf2f90000 - 0x00007ffbf2fc6000 	C:\Windows\system32\IMM32.DLL
0x00007ffbf2530000 - 0x00007ffbf2682000 	C:\Windows\system32\MSCTF.dll
0x00007ffbecd60000 - 0x00007ffbecfdb000 	C:\Windows\WinSxS\amd64_microsoft.windows.common-controls_6595b64144ccf1df_6.0.9600.17784_none_624760d1ecb7236e\COMCTL32.dll
0x0000000073cc0000 - 0x0000000073d92000 	C:\Program Files\Java\jdk1.8.0_40\jre\bin\msvcr100.dll
0x0000000074300000 - 0x0000000074b83000 	C:\Program Files\Java\jdk1.8.0_40\jre\bin\server\jvm.dll
0x00007ffbe6a40000 - 0x00007ffbe6a49000 	C:\Windows\SYSTEM32\WSOCK32.dll
0x00007ffbecfe0000 - 0x00007ffbed002000 	C:\Windows\SYSTEM32\WINMM.dll
0x00007ffbed010000 - 0x00007ffbed01a000 	C:\Windows\SYSTEM32\VERSION.dll
0x00007ffbf0db0000 - 0x00007ffbf0db7000 	C:\Windows\system32\PSAPI.DLL
0x00007ffbf09a0000 - 0x00007ffbf09fa000 	C:\Windows\system32\WS2_32.dll
0x00007ffbeab10000 - 0x00007ffbeab3a000 	C:\Windows\SYSTEM32\WINMMBASE.dll
0x00007ffbf0b60000 - 0x00007ffbf0b69000 	C:\Windows\system32\NSI.dll
0x00007ffbf0450000 - 0x00007ffbf049f000 	C:\Windows\SYSTEM32\cfgmgr32.dll
0x00007ffbef070000 - 0x00007ffbef098000 	C:\Windows\SYSTEM32\DEVOBJ.dll
0x00000000742f0000 - 0x00000000742ff000 	C:\Program Files\Java\jdk1.8.0_40\jre\bin\verify.dll
0x00000000742c0000 - 0x00000000742e9000 	C:\Program Files\Java\jdk1.8.0_40\jre\bin\java.dll
0x00000000742a0000 - 0x00000000742b6000 	C:\Program Files\Java\jdk1.8.0_40\jre\bin\zip.dll
0x00007ffbe6170000 - 0x00007ffbe62f9000 	C:\Windows\SYSTEM32\dbghelp.dll

VM Arguments:
jvm_args: -Xmx1024M -Dfile.encoding=windows-1252 -Duser.country=US -Duser.language=en -Duser.variant 
java_command: com.android.dx.command.Main --dex --output D:\Development\Android\NanodegreeProjects\SpotifyStreamer\app\build\intermediates\pre-dexed\debug\spotify-web-api-android-0.1.0-266472e9d85b86efce05550b224e73363e7d2844.jar D:\Development\Android\NanodegreeProjects\SpotifyStreamer\app\libs\spotify-web-api-android-0.1.0.jar
java_class_path (initial): C:\Users\Osama\AppData\Local\Android\Sdk\build-tools\22.0.1\lib\dx.jar
Launcher Type: SUN_STANDARD

Environment Variables:
JAVA_HOME=C:\Program Files\Java\jdk1.8.0_40
PATH=D:\Python34\;D:\Python34\Scripts;C:\ProgramData\Oracle\Java\javapath;C:\Program Files (x86)\NVIDIA Corporation\PhysX\Common;C:\Program Files (x86)\Intel\iCLS Client\;C:\Program Files\Intel\iCLS Client\;C:\Windows\system32;C:\Windows;C:\Windows\System32\Wbem;C:\Windows\System32\WindowsPowerShell\v1.0\;C:\Program Files (x86)\Windows Live\Shared;C:\Program Files\Intel\WiFi\bin\;C:\Program Files\Common Files\Intel\WirelessCommon\;C:\Program Files\Intel\Intel(R) Management Engine Components\DAL;C:\Program Files\Intel\Intel(R) Management Engine Components\IPT;C:\Program Files (x86)\Intel\Intel(R) Management Engine Components\DAL;C:\Program Files (x86)\Intel\Intel(R) Management Engine Components\IPT;C:\Program Files (x86)\Windows Kits\8.1\Windows Performance Toolkit\;C:\Program Files\Microsoft SQL Server\110\Tools\Binn\;C:\Program Files (x86)\Microsoft SDKs\TypeScript\1.0\;C:\Program Files\Microsoft SQL Server\120\Tools\Binn\;d:\Program Files (x86)\Git\cmd;C:\Program Files\Microsoft SQL Server\Client SDK\ODBC\110\Tools\Binn\;C:\Program Files (x86)\Microsoft SQL Server\120\Tools\Binn\;C:\Program Files\Microsoft SQL Server\120\DTS\Binn\;C:\Program Files (x86)\Microsoft SQL Server\120\Tools\Binn\ManagementStudio\;C:\Program Files (x86)\Microsoft SQL Server\120\DTS\Binn\;D:\Program Files\nodejs\;C:\Program Files (x86)\GtkSharp\2.12\bin;D:\Go\bin;C:\Windows\system32\config\systemprofile\.dnx\bin;D:\Program Files\Microsoft DNX\Dnvm\;C:\Users\Osama\AppData\Roaming\npm;C:\Users\Osama\AppData\Local\Code\bin
USERNAME=Osama
OS=Windows_NT
PROCESSOR_IDENTIFIER=Intel64 Family 6 Model 60 Stepping 3, GenuineIntel



---------------  S Y S T E M  ---------------

OS: Windows 8.1 , 64 bit Build 9600 (6.3.9600.17415)

CPU:total 8 (4 cores per cpu, 2 threads per core) family 6 model 60 stepping 3, cmov, cx8, fxsr, mmx, sse, sse2, sse3, ssse3, sse4.1, sse4.2, popcnt, avx, avx2, aes, clmul, erms, lzcnt, ht, tsc, tscinvbit, bmi1, bmi2

Memory: 4k page, physical 8303996k(1548684k free), swap 11449724k(6096k free)

vm_info: Java HotSpot(TM) 64-Bit Server VM (25.40-b25) for windows-amd64 JRE (1.8.0_40-b26), built on Mar  7 2015 13:51:59 by "java_re" with MS VC++ 10.0 (VS2010)

time: Fri Jun 12 19:57:33 2015
elapsed time: 0 seconds (0d 0h 0m 0s)

