#
# There is insufficient memory for the Java Runtime Environment to continue.
# Native memory allocation (malloc) failed to allocate 1615296 bytes for Chunk::new
# Possible reasons:
#   The system is out of physical RAM or swap space
#   In 32 bit mode, the process size limit was hit
# Possible solutions:
#   Reduce memory load on the system
#   Increase physical memory or swap space
#   Check if swap backing store is full
#   Use 64 bit Java on a 64 bit OS
#   Decrease Java heap size (-Xmx/-Xms)
#   Decrease number of Java threads
#   Decrease Java thread stack sizes (-Xss)
#   Set larger code cache with -XX:ReservedCodeCacheSize=
# This output file may be truncated or incomplete.
#
#  Out of Memory Error (allocation.cpp:390), pid=6820, tid=6416
#
# JRE version: Java(TM) SE Runtime Environment (8.0_40-b26) (build 1.8.0_40-b26)
# Java VM: Java HotSpot(TM) 64-Bit Server VM (25.40-b25 mixed mode windows-amd64 compressed oops)
# Failed to write core dump. Minidumps are not enabled by default on client versions of Windows
#

---------------  T H R E A D  ---------------

Current thread (0x000000001772e800):  JavaThread "C2 CompilerThread1" daemon [_thread_in_native, id=6416, stack(0x0000000017e00000,0x0000000017f00000)]

Stack: [0x0000000017e00000,0x0000000017f00000]
Native frames: (J=compiled Java code, j=interpreted, Vv=VM code, C=native code)
V  [jvm.dll+0x32b47a]


Current CompileTask:
C2:   1983 1532   !   4       com.android.dx.cf.cst.ConstantPoolParser::parse0 (731 bytes)


---------------  P R O C E S S  ---------------

Java Threads: ( => current thread )
  0x000000001773c000 JavaThread "Service Thread" daemon [_thread_blocked, id=10648, stack(0x0000000018100000,0x0000000018200000)]
  0x0000000017736000 JavaThread "C1 CompilerThread3" daemon [_thread_in_vm, id=5324, stack(0x0000000018000000,0x0000000018100000)]
  0x0000000017731000 JavaThread "C2 CompilerThread2" daemon [_thread_in_native, id=7048, stack(0x0000000017f00000,0x0000000018000000)]
=>0x000000001772e800 JavaThread "C2 CompilerThread1" daemon [_thread_in_native, id=6416, stack(0x0000000017e00000,0x0000000017f00000)]
  0x0000000017728800 JavaThread "C2 CompilerThread0" daemon [_thread_in_native, id=5036, stack(0x0000000017d00000,0x0000000017e00000)]
  0x0000000017726800 JavaThread "Attach Listener" daemon [_thread_blocked, id=10696, stack(0x0000000017c00000,0x0000000017d00000)]
  0x0000000017725800 JavaThread "Signal Dispatcher" daemon [_thread_blocked, id=9544, stack(0x0000000017b00000,0x0000000017c00000)]
  0x0000000002be3800 JavaThread "Finalizer" daemon [_thread_blocked, id=4864, stack(0x0000000017600000,0x0000000017700000)]
  0x000000001570d800 JavaThread "Reference Handler" daemon [_thread_blocked, id=8208, stack(0x0000000017500000,0x0000000017600000)]
  0x000000000298d800 JavaThread "main" [_thread_in_vm, id=3200, stack(0x00000000029f0000,0x0000000002af0000)]

Other Threads:
  0x0000000015709000 VMThread [stack: 0x0000000017400000,0x0000000017500000] [id=11088]
  0x000000001773d000 WatcherThread [stack: 0x0000000018200000,0x0000000018300000] [id=10336]

VM state:not at safepoint (normal execution)

VM Mutex/Monitor currently owned by a thread: None

Heap:
 PSYoungGen      total 38400K, used 35391K [0x00000000eab00000, 0x00000000ef600000, 0x0000000100000000)
  eden space 33280K, 90% used [0x00000000eab00000,0x00000000ec891010,0x00000000ecb80000)
  from space 5120K, 99% used [0x00000000ecb80000,0x00000000ed07eed8,0x00000000ed080000)
  to   space 5120K, 0% used [0x00000000ef100000,0x00000000ef100000,0x00000000ef600000)
 ParOldGen       total 87552K, used 1629K [0x00000000c0000000, 0x00000000c5580000, 0x00000000eab00000)
  object space 87552K, 1% used [0x00000000c0000000,0x00000000c0197448,0x00000000c5580000)
 Metaspace       used 6004K, capacity 7216K, committed 7296K, reserved 1056768K
  class space    used 570K, capacity 616K, committed 640K, reserved 1048576K

Card table byte_map: [0x0000000011fb0000,0x00000000121c0000] byte_map_base: 0x00000000119b0000

Marking Bits: (ParMarkBitMap*) 0x0000000074b04040
 Begin Bits: [0x0000000012b20000, 0x0000000013b20000)
 End Bits:   [0x0000000013b20000, 0x0000000014b20000)

Polling page: 0x0000000001110000

CodeCache: size=245760Kb used=7041Kb max_used=7041Kb free=238718Kb
 bounds [0x0000000002bf0000, 0x00000000032e0000, 0x0000000011bf0000]
 total_blobs=2014 nmethods=1751 adapters=176
 compilation: enabled

Compilation events (10 events):
Event: 1.935 Thread 0x0000000017736000 nmethod 1689 0x0000000003297c50 code [0x0000000003297de0, 0x0000000003298098]
Event: 1.935 Thread 0x0000000017736000 1692       1       com.android.dx.dex.code.CodeAddress::getBindsClosely (5 bytes)
Event: 1.935 Thread 0x0000000017736000 nmethod 1692 0x00000000032981d0 code [0x0000000003298320, 0x0000000003298430]
Event: 1.935 Thread 0x0000000017736000 1691       2       com.android.dx.dex.code.CstInsn::setClassIndex (37 bytes)
Event: 1.935 Thread 0x0000000017736000 nmethod 1691 0x0000000003298490 code [0x0000000003298620, 0x00000000032988d8]
Event: 1.935 Thread 0x0000000017736000 1693       2       com.android.dx.dex.code.CstInsn::getIndex (42 bytes)
Event: 1.935 Thread 0x0000000017736000 nmethod 1693 0x0000000003298a10 code [0x0000000003298bc0, 0x0000000003299008]
Event: 1.936 Thread 0x0000000017736000 1695       2       com.android.dx.rop.code.RegisterSpecSet::findMatchingLocal (49 bytes)
Event: 1.936 Thread 0x0000000017736000 nmethod 1695 0x0000000003299290 code [0x0000000003299400, 0x0000000003299668]
Event: 1.936 Thread 0x0000000017736000 1696   !   2       com.android.dx.rop.code.RegisterSpecSet::remove (30 bytes)

GC Heap History (2 events):
Event: 1.370 GC heap before
{Heap before GC invocations=1 (full 0):
 PSYoungGen      total 38400K, used 33280K [0x00000000eab00000, 0x00000000ed580000, 0x0000000100000000)
  eden space 33280K, 100% used [0x00000000eab00000,0x00000000ecb80000,0x00000000ecb80000)
  from space 5120K, 0% used [0x00000000ed080000,0x00000000ed080000,0x00000000ed580000)
  to   space 5120K, 0% used [0x00000000ecb80000,0x00000000ecb80000,0x00000000ed080000)
 ParOldGen       total 87552K, used 0K [0x00000000c0000000, 0x00000000c5580000, 0x00000000eab00000)
  object space 87552K, 0% used [0x00000000c0000000,0x00000000c0000000,0x00000000c5580000)
 Metaspace       used 5658K, capacity 6960K, committed 7040K, reserved 1056768K
  class space    used 550K, capacity 616K, committed 640K, reserved 1048576K
Event: 1.481 GC heap after
Heap after GC invocations=1 (full 0):
 PSYoungGen      total 38400K, used 5115K [0x00000000eab00000, 0x00000000ef600000, 0x0000000100000000)
  eden space 33280K, 0% used [0x00000000eab00000,0x00000000eab00000,0x00000000ecb80000)
  from space 5120K, 99% used [0x00000000ecb80000,0x00000000ed07eed8,0x00000000ed080000)
  to   space 5120K, 0% used [0x00000000ef100000,0x00000000ef100000,0x00000000ef600000)
 ParOldGen       total 87552K, used 1629K [0x00000000c0000000, 0x00000000c5580000, 0x00000000eab00000)
  object space 87552K, 1% used [0x00000000c0000000,0x00000000c0197448,0x00000000c5580000)
 Metaspace       used 5658K, capacity 6960K, committed 7040K, reserved 1056768K
  class space    used 550K, capacity 616K, committed 640K, reserved 1048576K
}

Deoptimization events (10 events):
Event: 1.866 Thread 0x000000000298d800 Uncommon trap: reason=class_check action=maybe_recompile pc=0x0000000003064ae8 method=java.util.Arrays.hashCode([Ljava/lang/Object;)I @ 43
Event: 1.871 Thread 0x000000000298d800 Uncommon trap: reason=bimorphic action=maybe_recompile pc=0x0000000002ea15d8 method=java.util.HashMap.getNode(ILjava/lang/Object;)Ljava/util/HashMap$Node; @ 126
Event: 1.871 Thread 0x000000000298d800 Uncommon trap: reason=class_check action=maybe_recompile pc=0x0000000003132a44 method=java.util.HashMap.putVal(ILjava/lang/Object;Ljava/lang/Object;ZZ)Ljava/lang/Object; @ 203
Event: 1.871 Thread 0x000000000298d800 Uncommon trap: reason=bimorphic action=maybe_recompile pc=0x0000000002ea15d8 method=java.util.HashMap.getNode(ILjava/lang/Object;)Ljava/util/HashMap$Node; @ 126
Event: 1.872 Thread 0x000000000298d800 Uncommon trap: reason=bimorphic action=maybe_recompile pc=0x0000000002ea15d8 method=java.util.HashMap.getNode(ILjava/lang/Object;)Ljava/util/HashMap$Node; @ 126
Event: 1.872 Thread 0x000000000298d800 Uncommon trap: reason=class_check action=maybe_recompile pc=0x0000000003132a44 method=java.util.HashMap.putVal(ILjava/lang/Object;Ljava/lang/Object;ZZ)Ljava/lang/Object; @ 203
Event: 1.876 Thread 0x000000000298d800 Uncommon trap: reason=class_check action=maybe_recompile pc=0x0000000002ff3398 method=java.util.HashMap.putVal(ILjava/lang/Object;Ljava/lang/Object;ZZ)Ljava/lang/Object; @ 203
Event: 1.876 Thread 0x000000000298d800 Uncommon trap: reason=class_check action=maybe_recompile pc=0x0000000002ff3398 method=java.util.HashMap.putVal(ILjava/lang/Object;Ljava/lang/Object;ZZ)Ljava/lang/Object; @ 203
Event: 1.926 Thread 0x000000000298d800 Uncommon trap: reason=speculate_class_check action=maybe_recompile pc=0x0000000002f6108c method=com.android.dx.util.FixedSizeList.equals(Ljava/lang/Object;)Z @ 25
Event: 1.926 Thread 0x000000000298d800 Uncommon trap: reason=unstable_if action=reinterpret pc=0x0000000002f624d8 method=java.util.Arrays.equals([Ljava/lang/Object;[Ljava/lang/Object;)Z @ 23

Internal exceptions (3 events):
Event: 0.073 Thread 0x000000000298d800 Exception <a 'java/lang/NoSuchMethodError': Method sun.misc.Unsafe.defineClass(Ljava/lang/String;[BII)Ljava/lang/Class; name or signature does not match> (0x00000000eab0dc40) thrown at [D:\re\workspace\8-2-build-windows-amd64-cygwin\jdk8u40\3098\hotspot\srèƒ¢Ç`ª²?
Event: 0.073 Thread 0x000000000298d800 Exception <a 'java/lang/NoSuchMethodError': Method sun.misc.Unsafe.prefetchRead(Ljava/lang/Object;J)V name or signature does not match> (0x00000000eab0ded0) thrown at [D:\re\workspace\8-2-build-windows-amd64-cygwin\jdk8u40\3098\hotspot\src\share\vm\prims\j Šž<¯«ò?
Event: 1.167 Thread 0x000000000298d800 Implicit null exception at 0x0000000002f2c0d4 to 0x0000000002f2e665

Events (10 events):
Event: 1.926 Thread 0x000000000298d800 DEOPT UNPACKING pc=0x0000000002c3582a sp=0x0000000002aee990 mode 2
Event: 1.926 Thread 0x000000000298d800 Uncommon trap: trap_request=0xffffff65 fr.pc=0x0000000002f624d8
Event: 1.926 Thread 0x000000000298d800 DEOPT PACKING pc=0x0000000002f624d8 sp=0x0000000002aee960
Event: 1.926 Thread 0x000000000298d800 DEOPT UNPACKING pc=0x0000000002c3582a sp=0x0000000002aee900 mode 2
Event: 1.926 loading class com/android/dx/dex/code/CatchTable$Entry
Event: 1.926 loading class com/android/dx/dex/code/CatchTable$Entry done
Event: 1.927 loading class com/android/dx/util/ByteArrayAnnotatedOutput
Event: 1.927 loading class com/android/dx/util/ByteArrayAnnotatedOutput done
Event: 1.931 loading class com/android/dx/rop/code/RegisterSpecList$Expander
Event: 1.931 loading class com/android/dx/rop/code/RegisterSpecList$Expander done


Dynamic libraries:
0x00007ff757200000 - 0x00007ff757237000 	C:\Program Files\Java\jdk1.8.0_40\bin\java.exe
0x00007ffbf3110000 - 0x00007ffbf32bc000 	C:\Windows\SYSTEM32\ntdll.dll
0x00007ffbf2fd0000 - 0x00007ffbf310e000 	C:\Windows\system32\KERNEL32.DLL
0x00007ffbf0330000 - 0x00007ffbf0445000 	C:\Windows\system32\KERNELBASE.dll
0x00007ffbeee00000 - 0x00007ffbeee8e000 	C:\Windows\system32\apphelp.dll
0x00007ffbcbdc0000 - 0x00007ffbcbe13000 	C:\Windows\AppPatch\AppPatch64\AcGenral.DLL
0x00007ffbf0ab0000 - 0x00007ffbf0b5a000 	C:\Windows\system32\msvcrt.dll
0x00007ffbf0090000 - 0x00007ffbf00be000 	C:\Windows\SYSTEM32\SspiCli.dll
0x00007ffbf2b20000 - 0x00007ffbf2b74000 	C:\Windows\system32\SHLWAPI.dll
0x00007ffbf26a0000 - 0x00007ffbf2817000 	C:\Windows\system32\USER32.dll
0x00007ffbf2820000 - 0x00007ffbf29b4000 	C:\Windows\system32\ole32.dll
0x00007ffbf0dc0000 - 0x00007ffbf22d8000 	C:\Windows\system32\SHELL32.dll
0x00007ffbef860000 - 0x00007ffbef881000 	C:\Windows\SYSTEM32\USERENV.dll
0x00007ffbf0a00000 - 0x00007ffbf0aaa000 	C:\Windows\system32\ADVAPI32.dll
0x00007ffbe6a10000 - 0x00007ffbe6a2e000 	C:\Windows\SYSTEM32\MPR.dll
0x00007ffbf0850000 - 0x00007ffbf0991000 	C:\Windows\system32\RPCRT4.dll
0x00007ffbf22e0000 - 0x00007ffbf2339000 	C:\Windows\SYSTEM32\sechost.dll
0x00007ffbf2b80000 - 0x00007ffbf2d91000 	C:\Windows\SYSTEM32\combase.dll
0x00007ffbf29c0000 - 0x00007ffbf2b11000 	C:\Windows\system32\GDI32.dll
0x00007ffbf0260000 - 0x00007ffbf0275000 	C:\Windows\SYSTEM32\profapi.dll
0x00007ffbee7d0000 - 0x00007ffbee882000 	C:\Windows\SYSTEM32\SHCORE.dll
0x00007ffbf2f90000 - 0x00007ffbf2fc6000 	C:\Windows\system32\IMM32.DLL
0x00007ffbf2530000 - 0x00007ffbf2682000 	C:\Windows\system32\MSCTF.dll
0x00007ffbecd60000 - 0x00007ffbecfdb000 	C:\Windows\WinSxS\amd64_microsoft.windows.common-controls_6595b64144ccf1df_6.0.9600.17784_none_624760d1ecb7236e\COMCTL32.dll
0x0000000073cc0000 - 0x0000000073d92000 	C:\Program Files\Java\jdk1.8.0_40\jre\bin\msvcr100.dll
0x0000000074300000 - 0x0000000074b83000 	C:\Program Files\Java\jdk1.8.0_40\jre\bin\server\jvm.dll
0x00007ffbe6a40000 - 0x00007ffbe6a49000 	C:\Windows\SYSTEM32\WSOCK32.dll
0x00007ffbecfe0000 - 0x00007ffbed002000 	C:\Windows\SYSTEM32\WINMM.dll
0x00007ffbed010000 - 0x00007ffbed01a000 	C:\Windows\SYSTEM32\VERSION.dll
0x00007ffbf0db0000 - 0x00007ffbf0db7000 	C:\Windows\system32\PSAPI.DLL
0x00007ffbf09a0000 - 0x00007ffbf09fa000 	C:\Windows\system32\WS2_32.dll
0x00007ffbeab10000 - 0x00007ffbeab3a000 	C:\Windows\SYSTEM32\WINMMBASE.dll
0x00007ffbf0b60000 - 0x00007ffbf0b69000 	C:\Windows\system32\NSI.dll
0x00007ffbf0450000 - 0x00007ffbf049f000 	C:\Windows\SYSTEM32\cfgmgr32.dll
0x00007ffbef070000 - 0x00007ffbef098000 	C:\Windows\SYSTEM32\DEVOBJ.dll
0x00000000742f0000 - 0x00000000742ff000 	C:\Program Files\Java\jdk1.8.0_40\jre\bin\verify.dll
0x00000000742c0000 - 0x00000000742e9000 	C:\Program Files\Java\jdk1.8.0_40\jre\bin\java.dll
0x00000000742a0000 - 0x00000000742b6000 	C:\Program Files\Java\jdk1.8.0_40\jre\bin\zip.dll

VM Arguments:
jvm_args: -Xmx1024M -Dfile.encoding=windows-1252 -Duser.country=US -Duser.language=en -Duser.variant 
java_command: com.android.dx.command.Main --dex --output D:\Development\Android\NanodegreeProjects\SpotifyStreamer\app\build\intermediates\pre-dexed\debug\picasso-2.5.2-042345399ff468357f20e2e51ceddcbc859b808f.jar C:\Users\Osama\.gradle\caches\modules-2\files-2.1\com.squareup.picasso\picasso\2.5.2\7446d06ec8d4f7ffcc53f1da37c95f200dcb9387\picasso-2.5.2.jar
java_class_path (initial): C:\Users\Osama\AppData\Local\Android\Sdk\build-tools\22.0.1\lib\dx.jar
Launcher Type: SUN_STANDARD

Environment Variables:
JAVA_HOME=C:\Program Files\Java\jdk1.8.0_40
PATH=D:\Python34\;D:\Python34\Scripts;C:\ProgramData\Oracle\Java\javapath;C:\Program Files (x86)\NVIDIA Corporation\PhysX\Common;C:\Program Files (x86)\Intel\iCLS Client\;C:\Program Files\Intel\iCLS Client\;C:\Windows\system32;C:\Windows;C:\Windows\System32\Wbem;C:\Windows\System32\WindowsPowerShell\v1.0\;C:\Program Files (x86)\Windows Live\Shared;C:\Program Files\Intel\WiFi\bin\;C:\Program Files\Common Files\Intel\WirelessCommon\;C:\Program Files\Intel\Intel(R) Management Engine Components\DAL;C:\Program Files\Intel\Intel(R) Management Engine Components\IPT;C:\Program Files (x86)\Intel\Intel(R) Management Engine Components\DAL;C:\Program Files (x86)\Intel\Intel(R) Management Engine Components\IPT;C:\Program Files (x86)\Windows Kits\8.1\Windows Performance Toolkit\;C:\Program Files\Microsoft SQL Server\110\Tools\Binn\;C:\Program Files (x86)\Microsoft SDKs\TypeScript\1.0\;C:\Program Files\Microsoft SQL Server\120\Tools\Binn\;d:\Program Files (x86)\Git\cmd;C:\Program Files\Microsoft SQL Server\Client SDK\ODBC\110\Tools\Binn\;C:\Program Files (x86)\Microsoft SQL Server\120\Tools\Binn\;C:\Program Files\Microsoft SQL Server\120\DTS\Binn\;C:\Program Files (x86)\Microsoft SQL Server\120\Tools\Binn\ManagementStudio\;C:\Program Files (x86)\Microsoft SQL Server\120\DTS\Binn\;D:\Program Files\nodejs\;C:\Program Files (x86)\GtkSharp\2.12\bin;D:\Go\bin;C:\Windows\system32\config\systemprofile\.dnx\bin;D:\Program Files\Microsoft DNX\Dnvm\;C:\Users\Osama\AppData\Roaming\npm;C:\Users\Osama\AppData\Local\Code\bin
USERNAME=Osama
OS=Windows_NT
PROCESSOR_IDENTIFIER=Intel64 Family 6 Model 60 Stepping 3, GenuineIntel



---------------  S Y S T E M  ---------------

OS: Windows 8.1 , 64 bit Build 9600 (6.3.9600.17415)

CPU:total 8 (4 cores per cpu, 2 threads per core) family 6 model 60 stepping 3, cmov, cx8, fxsr, mmx, sse, sse2, sse3, ssse3, sse4.1, sse4.2, popcnt, avx, avx2, aes, clmul, erms, lzcnt, ht, tsc, tscinvbit, bmi1, bmi2

Memory: 4k page, physical 8303996k(1752940k free), swap 11449724k(4664k free)

vm_info: Java HotSpot(TM) 64-Bit Server VM (25.40-b25) for windows-amd64 JRE (1.8.0_40-b26), built on Mar  7 2015 13:51:59 by "java_re" with MS VC++ 10.0 (VS2010)

time: Fri Jun 12 19:58:55 2015
elapsed time: 1 seconds (0d 0h 0m 1s)

