#
# There is insufficient memory for the Java Runtime Environment to continue.
# Native memory allocation (malloc) failed to allocate 32744 bytes for ChunkPool::allocate
# Possible reasons:
#   The system is out of physical RAM or swap space
#   In 32 bit mode, the process size limit was hit
# Possible solutions:
#   Reduce memory load on the system
#   Increase physical memory or swap space
#   Check if swap backing store is full
#   Use 64 bit Java on a 64 bit OS
#   Decrease Java heap size (-Xmx/-Xms)
#   Decrease number of Java threads
#   Decrease Java thread stack sizes (-Xss)
#   Set larger code cache with -XX:ReservedCodeCacheSize=
# This output file may be truncated or incomplete.
#
#  Out of Memory Error (allocation.cpp:273), pid=11732, tid=6812
#
# JRE version: Java(TM) SE Runtime Environment (8.0_40-b26) (build 1.8.0_40-b26)
# Java VM: Java HotSpot(TM) 64-Bit Server VM (25.40-b25 mixed mode windows-amd64 compressed oops)
# Failed to write core dump. Minidumps are not enabled by default on client versions of Windows
#

---------------  T H R E A D  ---------------

Current thread (0x0000000017118800):  JavaThread "C2 CompilerThread0" daemon [_thread_in_native, id=6812, stack(0x00000000176f0000,0x00000000177f0000)]

Stack: [0x00000000176f0000,0x00000000177f0000]
Native frames: (J=compiled Java code, j=interpreted, Vv=VM code, C=native code)
V  [jvm.dll+0x32b47a]
V  [jvm.dll+0x2797f3]
V  [jvm.dll+0x27a489]
V  [jvm.dll+0x2717a5]
V  [jvm.dll+0xcb7c4]
V  [jvm.dll+0xcb9e7]
V  [jvm.dll+0xcbe6c]
V  [jvm.dll+0x4975a0]
V  [jvm.dll+0x49762f]
V  [jvm.dll+0x45c245]
V  [jvm.dll+0x4af7ed]
V  [jvm.dll+0x4aff9e]
V  [jvm.dll+0x45f652]
V  [jvm.dll+0x46a73b]
V  [jvm.dll+0x46cd52]
V  [jvm.dll+0x4500d2]
V  [jvm.dll+0xa4312]
V  [jvm.dll+0xa4c4f]
V  [jvm.dll+0x241914]
V  [jvm.dll+0x29848a]
C  [msvcr100.dll+0x21d9f]
C  [msvcr100.dll+0x21e3b]
C  [KERNEL32.DLL+0x13d2]
C  [ntdll.dll+0x15444]


Current CompileTask:
C2:   2027  470       4       java.util.HashMap::getNode (148 bytes)


---------------  P R O C E S S  ---------------

Java Threads: ( => current thread )
  0x000000001719a000 JavaThread "Service Thread" daemon [_thread_blocked, id=9028, stack(0x0000000017af0000,0x0000000017bf0000)]
  0x0000000017191800 JavaThread "C1 CompilerThread3" daemon [_thread_in_native, id=8692, stack(0x00000000179f0000,0x0000000017af0000)]
  0x0000000017126000 JavaThread "C2 CompilerThread2" daemon [_thread_blocked, id=10736, stack(0x00000000178f0000,0x00000000179f0000)]
  0x000000001711e800 JavaThread "C2 CompilerThread1" daemon [_thread_in_native, id=5480, stack(0x00000000177f0000,0x00000000178f0000)]
=>0x0000000017118800 JavaThread "C2 CompilerThread0" daemon [_thread_in_native, id=6812, stack(0x00000000176f0000,0x00000000177f0000)]
  0x0000000017116800 JavaThread "Attach Listener" daemon [_thread_blocked, id=10768, stack(0x00000000175f0000,0x00000000176f0000)]
  0x0000000017115800 JavaThread "Signal Dispatcher" daemon [_thread_blocked, id=10368, stack(0x00000000174f0000,0x00000000175f0000)]
  0x0000000002609800 JavaThread "Finalizer" daemon [_thread_blocked, id=11968, stack(0x0000000016ff0000,0x00000000170f0000)]
  0x000000001512d800 JavaThread "Reference Handler" daemon [_thread_blocked, id=7888, stack(0x0000000016ef0000,0x0000000016ff0000)]
  0x000000000250d800 JavaThread "main" [_thread_in_Java, id=10216, stack(0x0000000002340000,0x0000000002440000)]

Other Threads:
  0x0000000015129000 VMThread [stack: 0x0000000016df0000,0x0000000016ef0000] [id=6516]
  0x000000001719b000 WatcherThread [stack: 0x0000000017bf0000,0x0000000017cf0000] [id=11552]

VM state:not at safepoint (normal execution)

VM Mutex/Monitor currently owned by a thread: None

Heap:
 PSYoungGen      total 38400K, used 10061K [0x00000000eab00000, 0x00000000ed580000, 0x0000000100000000)
  eden space 33280K, 30% used [0x00000000eab00000,0x00000000eb4d3780,0x00000000ecb80000)
  from space 5120K, 0% used [0x00000000ed080000,0x00000000ed080000,0x00000000ed580000)
  to   space 5120K, 0% used [0x00000000ecb80000,0x00000000ecb80000,0x00000000ed080000)
 ParOldGen       total 87552K, used 0K [0x00000000c0000000, 0x00000000c5580000, 0x00000000eab00000)
  object space 87552K, 0% used [0x00000000c0000000,0x00000000c0000000,0x00000000c5580000)
 Metaspace       used 5050K, capacity 6384K, committed 6528K, reserved 1056768K
  class space    used 542K, capacity 616K, committed 640K, reserved 1048576K

Card table byte_map: [0x00000000119d0000,0x0000000011be0000] byte_map_base: 0x00000000113d0000

Marking Bits: (ParMarkBitMap*) 0x0000000074b04040
 Begin Bits: [0x0000000012540000, 0x0000000013540000)
 End Bits:   [0x0000000013540000, 0x0000000014540000)

Polling page: 0x0000000002260000

CodeCache: size=245760Kb used=1896Kb max_used=1907Kb free=243863Kb
 bounds [0x0000000002610000, 0x0000000002880000, 0x0000000011610000]
 total_blobs=731 nmethods=468 adapters=176
 compilation: enabled

Compilation events (10 events):
Event: 1.438 Thread 0x0000000017191800  457       3       com.android.dx.util.BitIntSet::<init> (13 bytes)
Event: 1.438 Thread 0x0000000017191800 nmethod 457 0x00000000027e7610 code [0x00000000027e7780, 0x00000000027e7a30]
Event: 1.925 Thread 0x0000000017191800  458       3       com.android.dx.dex.code.DalvInsn::<init> (67 bytes)
Event: 1.925 Thread 0x0000000017191800 nmethod 458 0x00000000027e7b50 code [0x00000000027e7d00, 0x00000000027e81c8]
Event: 1.926 Thread 0x0000000017191800  459       3       com.android.dx.util.Bits::clear (21 bytes)
Event: 1.926 Thread 0x0000000017191800 nmethod 459 0x00000000027e83d0 code [0x00000000027e8520, 0x00000000027e8690]
Event: 1.926 Thread 0x0000000017191800  461       3       com.android.dx.rop.cst.Constant::compareTo (33 bytes)
Event: 1.926 Thread 0x0000000017191800 nmethod 461 0x00000000027e8790 code [0x00000000027e8940, 0x00000000027e9078]
Event: 1.926 Thread 0x0000000017191800  462   !   3       com.android.dx.cf.code.BytecodeArray::parseInstruction (2764 bytes)
Event: 1.931 Thread 0x0000000017118800  470       4       java.util.HashMap::getNode (148 bytes)

GC Heap History (0 events):
No events

Deoptimization events (0 events):
No events

Internal exceptions (2 events):
Event: 0.082 Thread 0x000000000250d800 Exception <a 'java/lang/NoSuchMethodError': Method sun.misc.Unsafe.defineClass(Ljava/lang/String;[BII)Ljava/lang/Class; name or signature does not match> (0x00000000eab0daa8) thrown at [D:\re\workspace\8-2-build-windows-amd64-cygwin\jdk8u40\3098\hotspot\srJÍÉü¬í´?
Event: 0.082 Thread 0x000000000250d800 Exception <a 'java/lang/NoSuchMethodError': Method sun.misc.Unsafe.prefetchRead(Ljava/lang/Object;J)V name or signature does not match> (0x00000000eab0dd38) thrown at [D:\re\workspace\8-2-build-windows-amd64-cygwin\jdk8u40\3098\hotspot\src\share\vm\prims\j

Events (10 events):
Event: 1.405 loading class java/util/HashMap$ValueIterator
Event: 1.405 loading class java/util/HashMap$ValueIterator done
Event: 1.413 loading class com/android/dx/ssa/PhiInsn$Operand
Event: 1.413 loading class com/android/dx/ssa/PhiInsn$Operand done
Event: 1.416 loading class com/android/dx/ssa/back/FirstFitLocalCombiningAllocator$Multiset
Event: 1.416 loading class com/android/dx/ssa/back/FirstFitLocalCombiningAllocator$Multiset done
Event: 1.419 loading class com/android/dx/rop/cst/CstArray$List
Event: 1.419 loading class com/android/dx/rop/cst/CstArray$List done
Event: 1.419 loading class com/android/dx/dex/file/MethodAnnotationStruct
Event: 1.419 loading class com/android/dx/dex/file/MethodAnnotationStruct done


Dynamic libraries:
0x00007ff757200000 - 0x00007ff757237000 	C:\Program Files\Java\jdk1.8.0_40\bin\java.exe
0x00007ffbf3110000 - 0x00007ffbf32bc000 	C:\Windows\SYSTEM32\ntdll.dll
0x00007ffbf2fd0000 - 0x00007ffbf310e000 	C:\Windows\system32\KERNEL32.DLL
0x00007ffbf0330000 - 0x00007ffbf0445000 	C:\Windows\system32\KERNELBASE.dll
0x00007ffbeee00000 - 0x00007ffbeee8e000 	C:\Windows\system32\apphelp.dll
0x00007ffbcbdc0000 - 0x00007ffbcbe13000 	C:\Windows\AppPatch\AppPatch64\AcGenral.DLL
0x00007ffbf0ab0000 - 0x00007ffbf0b5a000 	C:\Windows\system32\msvcrt.dll
0x00007ffbf0090000 - 0x00007ffbf00be000 	C:\Windows\SYSTEM32\SspiCli.dll
0x00007ffbf2b20000 - 0x00007ffbf2b74000 	C:\Windows\system32\SHLWAPI.dll
0x00007ffbf26a0000 - 0x00007ffbf2817000 	C:\Windows\system32\USER32.dll
0x00007ffbf2820000 - 0x00007ffbf29b4000 	C:\Windows\system32\ole32.dll
0x00007ffbf0dc0000 - 0x00007ffbf22d8000 	C:\Windows\system32\SHELL32.dll
0x00007ffbef860000 - 0x00007ffbef881000 	C:\Windows\SYSTEM32\USERENV.dll
0x00007ffbf0a00000 - 0x00007ffbf0aaa000 	C:\Windows\system32\ADVAPI32.dll
0x00007ffbe6a10000 - 0x00007ffbe6a2e000 	C:\Windows\SYSTEM32\MPR.dll
0x00007ffbf0850000 - 0x00007ffbf0991000 	C:\Windows\system32\RPCRT4.dll
0x00007ffbf22e0000 - 0x00007ffbf2339000 	C:\Windows\SYSTEM32\sechost.dll
0x00007ffbf2b80000 - 0x00007ffbf2d91000 	C:\Windows\SYSTEM32\combase.dll
0x00007ffbf29c0000 - 0x00007ffbf2b11000 	C:\Windows\system32\GDI32.dll
0x00007ffbf0260000 - 0x00007ffbf0275000 	C:\Windows\SYSTEM32\profapi.dll
0x00007ffbee7d0000 - 0x00007ffbee882000 	C:\Windows\SYSTEM32\SHCORE.dll
0x00007ffbf2f90000 - 0x00007ffbf2fc6000 	C:\Windows\system32\IMM32.DLL
0x00007ffbf2530000 - 0x00007ffbf2682000 	C:\Windows\system32\MSCTF.dll
0x00007ffbecd60000 - 0x00007ffbecfdb000 	C:\Windows\WinSxS\amd64_microsoft.windows.common-controls_6595b64144ccf1df_6.0.9600.17784_none_624760d1ecb7236e\COMCTL32.dll
0x0000000073cc0000 - 0x0000000073d92000 	C:\Program Files\Java\jdk1.8.0_40\jre\bin\msvcr100.dll
0x0000000074300000 - 0x0000000074b83000 	C:\Program Files\Java\jdk1.8.0_40\jre\bin\server\jvm.dll
0x00007ffbe6a40000 - 0x00007ffbe6a49000 	C:\Windows\SYSTEM32\WSOCK32.dll
0x00007ffbecfe0000 - 0x00007ffbed002000 	C:\Windows\SYSTEM32\WINMM.dll
0x00007ffbed010000 - 0x00007ffbed01a000 	C:\Windows\SYSTEM32\VERSION.dll
0x00007ffbf0db0000 - 0x00007ffbf0db7000 	C:\Windows\system32\PSAPI.DLL
0x00007ffbf09a0000 - 0x00007ffbf09fa000 	C:\Windows\system32\WS2_32.dll
0x00007ffbeab10000 - 0x00007ffbeab3a000 	C:\Windows\SYSTEM32\WINMMBASE.dll
0x00007ffbf0b60000 - 0x00007ffbf0b69000 	C:\Windows\system32\NSI.dll
0x00007ffbf0450000 - 0x00007ffbf049f000 	C:\Windows\SYSTEM32\cfgmgr32.dll
0x00007ffbef070000 - 0x00007ffbef098000 	C:\Windows\SYSTEM32\DEVOBJ.dll
0x00000000742f0000 - 0x00000000742ff000 	C:\Program Files\Java\jdk1.8.0_40\jre\bin\verify.dll
0x00000000742c0000 - 0x00000000742e9000 	C:\Program Files\Java\jdk1.8.0_40\jre\bin\java.dll
0x00000000742a0000 - 0x00000000742b6000 	C:\Program Files\Java\jdk1.8.0_40\jre\bin\zip.dll
0x00007ffbe6170000 - 0x00007ffbe62f9000 	C:\Windows\SYSTEM32\dbghelp.dll

VM Arguments:
jvm_args: -Xmx1024M -Dfile.encoding=windows-1252 -Duser.country=US -Duser.language=en -Duser.variant 
java_command: com.android.dx.command.Main --dex --output D:\Development\Android\NanodegreeProjects\SpotifyStreamer\app\build\intermediates\pre-dexed\debug\okio-1.2.0-a17c3ce4f02f2ed84d2dabf4178a656cbed25b38.jar C:\Users\Osama\.gradle\caches\modules-2\files-2.1\com.squareup.okio\okio\1.2.0\c0b52915a48fa91b1b94a28d4a2997bac5f524df\okio-1.2.0.jar
java_class_path (initial): C:\Users\Osama\AppData\Local\Android\Sdk\build-tools\22.0.1\lib\dx.jar
Launcher Type: SUN_STANDARD

Environment Variables:
JAVA_HOME=C:\Program Files\Java\jdk1.8.0_40
PATH=D:\Python34\;D:\Python34\Scripts;C:\ProgramData\Oracle\Java\javapath;C:\Program Files (x86)\NVIDIA Corporation\PhysX\Common;C:\Program Files (x86)\Intel\iCLS Client\;C:\Program Files\Intel\iCLS Client\;C:\Windows\system32;C:\Windows;C:\Windows\System32\Wbem;C:\Windows\System32\WindowsPowerShell\v1.0\;C:\Program Files (x86)\Windows Live\Shared;C:\Program Files\Intel\WiFi\bin\;C:\Program Files\Common Files\Intel\WirelessCommon\;C:\Program Files\Intel\Intel(R) Management Engine Components\DAL;C:\Program Files\Intel\Intel(R) Management Engine Components\IPT;C:\Program Files (x86)\Intel\Intel(R) Management Engine Components\DAL;C:\Program Files (x86)\Intel\Intel(R) Management Engine Components\IPT;C:\Program Files (x86)\Windows Kits\8.1\Windows Performance Toolkit\;C:\Program Files\Microsoft SQL Server\110\Tools\Binn\;C:\Program Files (x86)\Microsoft SDKs\TypeScript\1.0\;C:\Program Files\Microsoft SQL Server\120\Tools\Binn\;d:\Program Files (x86)\Git\cmd;C:\Program Files\Microsoft SQL Server\Client SDK\ODBC\110\Tools\Binn\;C:\Program Files (x86)\Microsoft SQL Server\120\Tools\Binn\;C:\Program Files\Microsoft SQL Server\120\DTS\Binn\;C:\Program Files (x86)\Microsoft SQL Server\120\Tools\Binn\ManagementStudio\;C:\Program Files (x86)\Microsoft SQL Server\120\DTS\Binn\;D:\Program Files\nodejs\;C:\Program Files (x86)\GtkSharp\2.12\bin;D:\Go\bin;C:\Windows\system32\config\systemprofile\.dnx\bin;D:\Program Files\Microsoft DNX\Dnvm\;C:\Users\Osama\AppData\Roaming\npm;C:\Users\Osama\AppData\Local\Code\bin
USERNAME=Osama
OS=Windows_NT
PROCESSOR_IDENTIFIER=Intel64 Family 6 Model 60 Stepping 3, GenuineIntel



---------------  S Y S T E M  ---------------

OS: Windows 8.1 , 64 bit Build 9600 (6.3.9600.17415)

CPU:total 8 (4 cores per cpu, 2 threads per core) family 6 model 60 stepping 3, cmov, cx8, fxsr, mmx, sse, sse2, sse3, ssse3, sse4.1, sse4.2, popcnt, avx, avx2, aes, clmul, erms, lzcnt, ht, tsc, tscinvbit, bmi1, bmi2

Memory: 4k page, physical 8303996k(1746012k free), swap 11449724k(23252k free)

vm_info: Java HotSpot(TM) 64-Bit Server VM (25.40-b25) for windows-amd64 JRE (1.8.0_40-b26), built on Mar  7 2015 13:51:59 by "java_re" with MS VC++ 10.0 (VS2010)

time: Fri Jun 12 19:58:55 2015
elapsed time: 2 seconds (0d 0h 0m 2s)

